<?xml version="1.0" encoding="UTF-8"?>
<!-- Generated by org.testng.reporters.JUnitXMLReporter -->
<testsuite ignored="0" hostname="Admin-PC" failures="0" tests="2" name="HighPrioritytestsuite" time="16.79" errors="0" timestamp="2022-08-07T18:23:16 IST">
  <testcase classname="com.souceDemo.TestPakage.TC05Verify_that_product_select_by_filter" name="verify_product_filter" time="15.222"/>
  <testcase classname="com.souceDemo.TestPakage.TC03Verify_addtocartsingleproduct" name="verify_addtocart_product" time="0.799"/>
</testsuite> <!-- HighPrioritytestsuite -->
